<?xml version="1.0" encoding="UTF-8"?>
<!-- Generated by org.testng.reporters.JUnitXMLReporter -->
<testsuite ignored="3" hostname="Aditya" failures="0" tests="4" name="Test" time="0.043" errors="0" timestamp="2024-08-24T22:40:12 IST">
  <testcase classname="assignmentt3.TestNG_Group" name="green1" time="0.007"/>
  <testcase classname="assignmentt3.TestNG_Group" name="green2" time="0.001"/>
  <testcase classname="assignmentt3.TestNG_Group" name="green3" time="0.001"/>
  <testcase classname="assignmentt3.TestNG_Group" name="green_red" time="0.001"/>
  <testcase classname="assignmentt3.TestNG_Group" name="red3" time="0.0">
    <ignored/>
  </testcase> <!-- red3 -->
  <testcase classname="assignmentt3.TestNG_Group" name="red1" time="0.0">
    <ignored/>
  </testcase> <!-- red1 -->
  <testcase classname="assignmentt3.TestNG_Group" name="red2" time="0.0">
    <ignored/>
  </testcase> <!-- red2 -->
</testsuite> <!-- Test -->
