<?xml version="1.0" encoding="UTF-8"?>
<testng-results ignored="0" total="3" passed="3" failed="0" skipped="0">
  <reporter-output>
  </reporter-output>
  <suite started-at="2024-09-25T11:32:13 IST" name="Default suite" finished-at="2024-09-25T11:32:44 IST" duration-ms="31193">
    <groups>
    </groups>
    <test started-at="2024-09-25T11:32:13 IST" name="Default test" finished-at="2024-09-25T11:32:44 IST" duration-ms="31193">
      <class name="Assessment.WebTable_Techlistic">
        <test-method is-config="true" signature="setup()[pri:0, instance:Assessment.WebTable_Techlistic@1f2586d6]" started-at="2024-09-25T11:32:13 IST" name="setup" finished-at="2024-09-25T11:32:41 IST" duration-ms="28403" status="PASS">
          <reporter-output>
          </reporter-output>
        </test-method> <!-- setup -->
        <test-method signature="findTallestStructure()[pri:0, instance:Assessment.WebTable_Techlistic@1f2586d6]" started-at="2024-09-25T11:32:41 IST" name="findTallestStructure" finished-at="2024-09-25T11:32:42 IST" duration-ms="402" status="PASS">
          <reporter-output>
          </reporter-output>
        </test-method> <!-- findTallestStructure -->
        <test-method signature="verifyColumnsInLastRow()[pri:0, instance:Assessment.WebTable_Techlistic@1f2586d6]" started-at="2024-09-25T11:32:42 IST" name="verifyColumnsInLastRow" finished-at="2024-09-25T11:32:42 IST" duration-ms="19" status="PASS">
          <reporter-output>
          </reporter-output>
        </test-method> <!-- verifyColumnsInLastRow -->
        <test-method signature="verifyStructureValues()[pri:0, instance:Assessment.WebTable_Techlistic@1f2586d6]" started-at="2024-09-25T11:32:42 IST" name="verifyStructureValues" finished-at="2024-09-25T11:32:44 IST" duration-ms="2049" status="PASS">
          <reporter-output>
          </reporter-output>
        </test-method> <!-- verifyStructureValues -->
        <test-method is-config="true" signature="tearDown()[pri:0, instance:Assessment.WebTable_Techlistic@1f2586d6]" started-at="2024-09-25T11:32:44 IST" name="tearDown" finished-at="2024-09-25T11:32:44 IST" duration-ms="237" status="PASS">
          <reporter-output>
          </reporter-output>
        </test-method> <!-- tearDown -->
      </class> <!-- Assessment.WebTable_Techlistic -->
    </test> <!-- Default test -->
  </suite> <!-- Default suite -->
</testng-results>
