<?xml version="1.0" encoding="UTF-8"?>
<testng-results ignored="0" total="6" passed="6" failed="0" skipped="0">
  <reporter-output>
  </reporter-output>
  <suite started-at="2024-09-13T11:59:10 IST" name="Default suite" finished-at="2024-09-13T11:59:21 IST" duration-ms="11410">
    <groups>
    </groups>
    <test started-at="2024-09-13T11:59:10 IST" name="Default test" finished-at="2024-09-13T11:59:21 IST" duration-ms="11410">
      <class name="mvn.Assignment_8.HDF">
        <test-method signature="test(java.lang.String,java.lang.String)[pri:0, instance:mvn.Assignment_8.HDF@28701274]" started-at="2024-09-13T11:59:10 IST" name="test" data-provider="Adii" finished-at="2024-09-13T11:59:12 IST" duration-ms="1509" status="PASS">
          <params>
            <param index="0">
              <value>
                <![CDATA[open browser]]>
              </value>
            </param>
            <param index="1">
              <value>
                <![CDATA[null]]>
              </value>
            </param>
          </params>
          <reporter-output>
          </reporter-output>
        </test-method> <!-- test -->
        <test-method signature="test(java.lang.String,java.lang.String)[pri:0, instance:mvn.Assignment_8.HDF@28701274]" started-at="2024-09-13T11:59:12 IST" name="test" data-provider="Adii" finished-at="2024-09-13T11:59:15 IST" duration-ms="3015" status="PASS">
          <params>
            <param index="0">
              <value>
                <![CDATA[enter url]]>
              </value>
            </param>
            <param index="1">
              <value>
                <![CDATA[https://www.saucedemo.com/]]>
              </value>
            </param>
          </params>
          <reporter-output>
          </reporter-output>
        </test-method> <!-- test -->
        <test-method signature="test(java.lang.String,java.lang.String)[pri:0, instance:mvn.Assignment_8.HDF@28701274]" started-at="2024-09-13T11:59:15 IST" name="test" data-provider="Adii" finished-at="2024-09-13T11:59:17 IST" duration-ms="2093" status="PASS">
          <params>
            <param index="0">
              <value>
                <![CDATA[enter username]]>
              </value>
            </param>
            <param index="1">
              <value>
                <![CDATA[standard_user]]>
              </value>
            </param>
          </params>
          <reporter-output>
          </reporter-output>
        </test-method> <!-- test -->
        <test-method signature="test(java.lang.String,java.lang.String)[pri:0, instance:mvn.Assignment_8.HDF@28701274]" started-at="2024-09-13T11:59:17 IST" name="test" data-provider="Adii" finished-at="2024-09-13T11:59:19 IST" duration-ms="2052" status="PASS">
          <params>
            <param index="0">
              <value>
                <![CDATA[enter password]]>
              </value>
            </param>
            <param index="1">
              <value>
                <![CDATA[secret_sauce]]>
              </value>
            </param>
          </params>
          <reporter-output>
          </reporter-output>
        </test-method> <!-- test -->
        <test-method signature="test(java.lang.String,java.lang.String)[pri:0, instance:mvn.Assignment_8.HDF@28701274]" started-at="2024-09-13T11:59:19 IST" name="test" data-provider="Adii" finished-at="2024-09-13T11:59:21 IST" duration-ms="2089" status="PASS">
          <params>
            <param index="0">
              <value>
                <![CDATA[click login]]>
              </value>
            </param>
            <param index="1">
              <value>
                <![CDATA[null]]>
              </value>
            </param>
          </params>
          <reporter-output>
          </reporter-output>
        </test-method> <!-- test -->
        <test-method signature="test(java.lang.String,java.lang.String)[pri:0, instance:mvn.Assignment_8.HDF@28701274]" started-at="2024-09-13T11:59:21 IST" name="test" data-provider="Adii" finished-at="2024-09-13T11:59:21 IST" duration-ms="113" status="PASS">
          <params>
            <param index="0">
              <value>
                <![CDATA[close browser]]>
              </value>
            </param>
            <param index="1">
              <value>
                <![CDATA[null]]>
              </value>
            </param>
          </params>
          <reporter-output>
          </reporter-output>
        </test-method> <!-- test -->
      </class> <!-- mvn.Assignment_8.HDF -->
    </test> <!-- Default test -->
  </suite> <!-- Default suite -->
</testng-results>
