<?xml version="1.0" encoding="UTF-8"?>
<testng-results ignored="3" total="7" passed="4" failed="0" skipped="0">
  <reporter-output>
  </reporter-output>
  <suite started-at="2024-08-24T22:40:12 IST" name="Suite" finished-at="2024-08-24T22:40:12 IST" duration-ms="43">
    <groups>
      <group name="red">
        <method signature="TestNG_Group.green_red()[pri:0, instance:assignmentt3.TestNG_Group@4d9e68d0]" name="green_red" class="assignmentt3.TestNG_Group"/>
      </group> <!-- red -->
      <group name="green">
        <method signature="TestNG_Group.green1()[pri:0, instance:assignmentt3.TestNG_Group@4d9e68d0]" name="green1" class="assignmentt3.TestNG_Group"/>
        <method signature="TestNG_Group.green2()[pri:0, instance:assignmentt3.TestNG_Group@4d9e68d0]" name="green2" class="assignmentt3.TestNG_Group"/>
        <method signature="TestNG_Group.green3()[pri:0, instance:assignmentt3.TestNG_Group@4d9e68d0]" name="green3" class="assignmentt3.TestNG_Group"/>
        <method signature="TestNG_Group.green_red()[pri:0, instance:assignmentt3.TestNG_Group@4d9e68d0]" name="green_red" class="assignmentt3.TestNG_Group"/>
      </group> <!-- green -->
    </groups>
    <test started-at="2024-08-24T22:40:12 IST" name="Test" finished-at="2024-08-24T22:40:12 IST" duration-ms="43">
      <class name="assignmentt3.TestNG_Group">
        <test-method signature="green1()[pri:0, instance:assignmentt3.TestNG_Group@4d9e68d0]" started-at="2024-08-24T22:40:12 IST" name="green1" finished-at="2024-08-24T22:40:12 IST" duration-ms="7" status="PASS">
          <reporter-output>
          </reporter-output>
        </test-method> <!-- green1 -->
        <test-method signature="green2()[pri:0, instance:assignmentt3.TestNG_Group@4d9e68d0]" started-at="2024-08-24T22:40:12 IST" name="green2" finished-at="2024-08-24T22:40:12 IST" duration-ms="1" status="PASS">
          <reporter-output>
          </reporter-output>
        </test-method> <!-- green2 -->
        <test-method signature="green3()[pri:0, instance:assignmentt3.TestNG_Group@4d9e68d0]" started-at="2024-08-24T22:40:12 IST" name="green3" finished-at="2024-08-24T22:40:12 IST" duration-ms="1" status="PASS">
          <reporter-output>
          </reporter-output>
        </test-method> <!-- green3 -->
        <test-method signature="green_red()[pri:0, instance:assignmentt3.TestNG_Group@4d9e68d0]" started-at="2024-08-24T22:40:12 IST" name="green_red" finished-at="2024-08-24T22:40:12 IST" duration-ms="1" status="PASS">
          <reporter-output>
          </reporter-output>
        </test-method> <!-- green_red -->
      </class> <!-- assignmentt3.TestNG_Group -->
    </test> <!-- Test -->
  </suite> <!-- Suite -->
</testng-results>
