<?xml version="1.0" encoding="UTF-8"?>
<testng-results ignored="0" total="2" passed="2" failed="0" skipped="0">
  <reporter-output>
  </reporter-output>
  <suite started-at="2024-08-24T22:31:21 IST" name="Suite" finished-at="2024-08-24T22:31:43 IST" duration-ms="22299">
    <groups>
    </groups>
    <test started-at="2024-08-24T22:31:21 IST" name="FacebookLoginTest1" finished-at="2024-08-24T22:31:33 IST" duration-ms="12137">
      <class name="assignmentt3.TestNG_Parameter_FB">
        <test-method is-config="true" signature="setUp()[pri:0, instance:assignmentt3.TestNG_Parameter_FB@52bf72b5]" started-at="2024-08-24T22:31:21 IST" name="setUp" finished-at="2024-08-24T22:31:22 IST" duration-ms="1462" status="PASS">
          <reporter-output>
          </reporter-output>
        </test-method> <!-- setUp -->
        <test-method signature="testFacebookLogin(java.lang.String,java.lang.String)[pri:0, instance:assignmentt3.TestNG_Parameter_FB@52bf72b5]" started-at="2024-08-24T22:31:22 IST" name="testFacebookLogin" finished-at="2024-08-24T22:31:33 IST" duration-ms="10487" status="PASS">
          <params>
            <param index="0">
              <value>
                <![CDATA[nahipata@gmail.com]]>
              </value>
            </param>
            <param index="1">
              <value>
                <![CDATA[Nahi@12345]]>
              </value>
            </param>
          </params>
          <reporter-output>
          </reporter-output>
        </test-method> <!-- testFacebookLogin -->
        <test-method is-config="true" signature="tearDown()[pri:0, instance:assignmentt3.TestNG_Parameter_FB@52bf72b5]" started-at="2024-08-24T22:31:33 IST" name="tearDown" finished-at="2024-08-24T22:31:33 IST" duration-ms="146" status="PASS">
          <reporter-output>
          </reporter-output>
        </test-method> <!-- tearDown -->
      </class> <!-- assignmentt3.TestNG_Parameter_FB -->
    </test> <!-- FacebookLoginTest1 -->
    <test started-at="2024-08-24T22:31:33 IST" name="FacebookLoginTest2" finished-at="2024-08-24T22:31:43 IST" duration-ms="10113">
      <class name="assignmentt3.TestNG_Parameter_FB">
        <test-method is-config="true" signature="setUp()[pri:0, instance:assignmentt3.TestNG_Parameter_FB@2a3b5b47]" started-at="2024-08-24T22:31:33 IST" name="setUp" finished-at="2024-08-24T22:31:34 IST" duration-ms="1186" status="PASS">
          <reporter-output>
          </reporter-output>
        </test-method> <!-- setUp -->
        <test-method signature="testFacebookLogin(java.lang.String,java.lang.String)[pri:0, instance:assignmentt3.TestNG_Parameter_FB@2a3b5b47]" started-at="2024-08-24T22:31:34 IST" name="testFacebookLogin" finished-at="2024-08-24T22:31:43 IST" duration-ms="8766" status="PASS">
          <params>
            <param index="0">
              <value>
                <![CDATA[firnahipata@gmail.com]]>
              </value>
            </param>
            <param index="1">
              <value>
                <![CDATA[Nahi@678910]]>
              </value>
            </param>
          </params>
          <reporter-output>
          </reporter-output>
        </test-method> <!-- testFacebookLogin -->
        <test-method is-config="true" signature="tearDown()[pri:0, instance:assignmentt3.TestNG_Parameter_FB@2a3b5b47]" started-at="2024-08-24T22:31:43 IST" name="tearDown" finished-at="2024-08-24T22:31:43 IST" duration-ms="158" status="PASS">
          <reporter-output>
          </reporter-output>
        </test-method> <!-- tearDown -->
      </class> <!-- assignmentt3.TestNG_Parameter_FB -->
    </test> <!-- FacebookLoginTest2 -->
  </suite> <!-- Suite -->
</testng-results>
