<?xml version="1.0" encoding="UTF-8"?>
<!-- Generated by org.testng.reporters.JUnitXMLReporter -->
<testsuite ignored="0" hostname="Aditya" failures="0" tests="6" name="Default test" time="11.41" errors="0" timestamp="2024-09-13T11:59:21 IST">
  <testcase classname="mvn.Assignment_8.HDF" name="test" time="1.509"/>
  <testcase classname="mvn.Assignment_8.HDF" name="test" time="3.015"/>
  <testcase classname="mvn.Assignment_8.HDF" name="test" time="2.093"/>
  <testcase classname="mvn.Assignment_8.HDF" name="test" time="2.052"/>
  <testcase classname="mvn.Assignment_8.HDF" name="test" time="2.089"/>
  <testcase classname="mvn.Assignment_8.HDF" name="test" time="0.113"/>
</testsuite> <!-- Default test -->
