<?xml version="1.0" encoding="UTF-8"?>
<!-- Generated by org.testng.reporters.JUnitXMLReporter -->
<testsuite ignored="0" hostname="Aditya" failures="0" tests="3" name="Default test" time="31.193" errors="0" timestamp="2024-09-25T11:32:44 IST">
  <testcase classname="Assessment.WebTable_Techlistic" name="findTallestStructure" time="0.402"/>
  <testcase classname="Assessment.WebTable_Techlistic" name="verifyColumnsInLastRow" time="0.019"/>
  <testcase classname="Assessment.WebTable_Techlistic" name="verifyStructureValues" time="2.049"/>
</testsuite> <!-- Default test -->
